WestOaPlug/platforms/android/CordovaLib/build/outputs/logs/manifest-merger-debug-report.txt
-- Merging decision tree log ---
manifest
ADDED from android/CordovaLib/AndroidManifest.xml:19:1-22:42
INJECTED from android/CordovaLib/AndroidManifest.xml:19:1-22:42
INJECTED from android/CordovaLib/AndroidManifest.xml:19:1-22:42
INJECTED from android/CordovaLib/AndroidManifest.xml:19:1-22:42
INJECTED from android/CordovaLib/AndroidManifest.xml:19:1-22:42
INJECTED from android/CordovaLib/AndroidManifest.xml:19:1-22:42
INJECTED from android/CordovaLib/AndroidManifest.xml:19:1-22:42
	package
		ADDED from android/CordovaLib/AndroidManifest.xml:20:5-33
		INJECTED from android/CordovaLib/AndroidManifest.xml
		INJECTED from android/CordovaLib/AndroidManifest.xml
	android:versionName
		ADDED from android/CordovaLib/AndroidManifest.xml:22:5-30
		INJECTED from android/CordovaLib/AndroidManifest.xml
		INJECTED from android/CordovaLib/AndroidManifest.xml
	xmlns:android
		ADDED from android/CordovaLib/AndroidManifest.xml:19:11-69
	android:versionCode
		ADDED from android/CordovaLib/AndroidManifest.xml:21:5-28
		INJECTED from android/CordovaLib/AndroidManifest.xml
		INJECTED from android/CordovaLib/AndroidManifest.xml
uses-sdk
INJECTED from android/CordovaLib/AndroidManifest.xml reason: use-sdk injection requested
INJECTED from android/CordovaLib/AndroidManifest.xml
INJECTED from android/CordovaLib/AndroidManifest.xml
	android:minSdkVersion
		INJECTED from android/CordovaLib/AndroidManifest.xml
		ADDED from android/CordovaLib/AndroidManifest.xml
		INJECTED from android/CordovaLib/AndroidManifest.xml